<?xml version="1.0" encoding="UTF-8"?>
<!-- Generated by org.testng.reporters.JUnitXMLReporter -->
<testsuite ignored="0" hostname="MSI" failures="0" tests="2" name="Error Validations Test" time="16.993" errors="0" timestamp="2024-01-30T18:15:12 EST">
  <testcase classname="dmitry.tests.ErrorValidationsTest" name="loginErrorMessageValidation" time="0.788"/>
  <testcase classname="dmitry.tests.ErrorValidationsTest" name="noOtherItemsinCartValidation" time="2.938"/>
</testsuite> <!-- Error Validations Test -->
