<?xml version="1.0" encoding="UTF-8"?>
<!-- Generated by org.testng.reporters.JUnitXMLReporter -->
<testsuite ignored="0" hostname="MSI" failures="0" tests="3" name="Submit Order Test" time="26.736" errors="0" timestamp="2024-01-30T18:15:22 EST">
  <testcase classname="dmitry.tests.SubmitOrderTest" name="submitOrder" time="4.14"/>
  <testcase classname="dmitry.tests.SubmitOrderTest" name="submitOrder" time="3.966"/>
  <testcase classname="dmitry.tests.SubmitOrderTest" name="OrderHistoryTest" time="1.095"/>
</testsuite> <!-- Submit Order Test -->
