<?xml version="1.0" encoding="UTF-8"?>
<!-- Generated by org.testng.reporters.JUnitXMLReporter -->
<testsuite ignored="0" hostname="MSI" failures="0" tests="2" name="Error Validations Test" time="14.601" errors="0" timestamp="2024-01-30T21:23:30 EST">
  <testcase classname="dmitry.tests.ErrorValidationsTest" name="loginErrorMessageValidation" time="0.821"/>
  <testcase classname="dmitry.tests.ErrorValidationsTest" name="noOtherItemsinCartValidation" time="3.005"/>
</testsuite> <!-- Error Validations Test -->
