<?xml version="1.0" encoding="UTF-8"?>
<!-- Generated by org.testng.reporters.JUnitXMLReporter -->
<testsuite ignored="0" hostname="MSI" failures="0" tests="3" name="Submit Order Test" time="30.449" errors="0" timestamp="2024-01-30T21:23:45 EST">
  <testcase classname="dmitry.tests.SubmitOrderTest" name="submitOrder" time="6.825"/>
  <testcase classname="dmitry.tests.SubmitOrderTest" name="submitOrder" time="4.018"/>
  <testcase classname="dmitry.tests.SubmitOrderTest" name="OrderHistoryTest" time="1.065"/>
</testsuite> <!-- Submit Order Test -->
